
          -------------------------------------------------------
          Amber 22 SANDER                              2022
          -------------------------------------------------------

| Run on 11/29/2022 at 17:13:16

|   Executable path: sander
| Working directory: /gpfs52/home/mcdanjm2/chem5420/Project
|          Hostname: cn320

  [-O]verwriting output

File Assignments:
|  MDIN: min.in                                                                
| MDOUT: mab1.min.out                                                          
|INPCRD: mab1.inpcrd                                                           
|  PARM: mab1.prmtop                                                           
|RESTRT: mab1.min.rst                                                          
|  REFC: mab1.inpcrd                                                           
| MDVEL: mdvel                                                                 
| MDFRC: mdfrc                                                                 
|  MDEN: mden                                                                  
| MDCRD: mdcrd                                                                 
|MDINFO: mdinfo                                                                
|  MTMD: mtmd                                                                  
|INPDIP: inpdip                                                                
|RSTDIP: rstdip                                                                
|INPTRA: inptraj                                                               


 Here is the input file:

initial minimization: solvent + ions + ligands                                 
 &cntrl                                                                        
  imin = 1,                                                                    
  maxcyc = 1000,                                                               
  ncyc = 500,                                                                  
  ntb = 1,                                                                     
  ntr = 1,                                                                     
  cut = 9.0                                                                    
/                                                                              
Hold the protein fixed                                                         
500.0                                                                          
RES 1 159                                                                      
END                                                                            
END                                                                            

--------------------------------------------------------------------------------
   1.  RESOURCE   USE: 
--------------------------------------------------------------------------------

| Flags:                                                                        
 getting new box info from bottom of inpcrd
|  INFO: Old style inpcrd file read

| peek_ewald_inpcrd: Box info found
|Largest sphere to fit in unit cell has radius =    46.625
| New format PARM file being parsed.
| Version =    1.000 Date = 11/29/22 Time = 16:03:01
 NATOM  =  105072 NTYPES =      17 NBONH =  101674 MBONA  =    3472
 NTHETH =    7471 MTHETA =    4721 NPHIH =   15549 MPHIA  =   15035
 NHPARM =       0 NPARM  =       0 NNB   =  168120 NRES   =   33244
 NBONA  =    3472 NTHETA =    4721 NPHIA =   15035 NUMBND =      71
 NUMANG =     171 NPTRA  =     198 NATYP =      35 NPHB   =       1
 IFBOX  =       2 NMXRS  =      24 IFCAP =       0 NEXTRA =       0
 NCOPY  =       0

| CMAP information read from topology file: 

|     Memory Use     Allocated
|     Real             9453949
|     Hollerith         348462
|     Integer          3869592
|     Max Pairs       46616944
|     nblistReal       1260864
|     nblist Int       3967063
|       Total           297780 kbytes

| Note: 1-4 EEL scale factors are being read from the topology file.

| Note: 1-4 VDW scale factors are being read from the topology file.
| Duplicated    0 dihedrals
| Duplicated    0 dihedrals
|CMAP: Reticulating splines.

     BOX TYPE: TRUNCATED OCTAHEDRON

--------------------------------------------------------------------------------
   2.  CONTROL  DATA  FOR  THE  RUN
--------------------------------------------------------------------------------

default_name                                                                    

General flags:
     imin    =       1, nmropt  =       0

Nature and format of input:
     ntx     =       1, irest   =       0, ntrx    =       1

Nature and format of output:
     ntxo    =       2, ntpr    =      50, ntrx    =       1, ntwr    =       1
     iwrap   =       0, ntwx    =       0, ntwv    =       0, ntwe    =       0
     ioutfm  =       1, ntwprt  =       0, idecomp =       0, rbornstat=      0

Potential function:
     ntf     =       1, ntb     =       1, igb     =       0, nsnb    =      25
     ipol    =       0, gbsa    =       0, iesp    =       0
     dielc   =   1.00000, cut     =   9.00000, intdiel =   1.00000

Frozen or restrained atoms:
     ibelly  =       0, ntr     =       1
     restraint_wt =   0.00000

Energy minimization:
     maxcyc  =    1000, ncyc    =     500, ntmin   =       1
     dx0     =   0.01000, drms    =   0.00010

Ewald parameters:
     verbose =       0, ew_type =       0, nbflag  =       1, use_pme =       1
     vdwmeth =       1, eedmeth =       1, netfrc  =       0
     Box X =  114.208   Box Y =  114.208   Box Z =  114.208
     Alpha =  109.471   Beta  =  109.471   Gamma =  109.471
     NFFT1 =  120       NFFT2 =  120       NFFT3 =  120
     Cutoff=    9.000   Tol   =0.100E-04
     Ewald Coefficient =  0.30768
     Interpolation order =    4

    LOADING THE CONSTRAINED ATOMS AS GROUPS


   5.  REFERENCE ATOM COORDINATES

  defa
    ----- READING GROUP     1; TITLE:
 Hold the protein fixed                                                      

     GROUP    1 HAS HARMONIC CONSTRAINTS   500.00000
 GRP    1 RES    1 TO   159
      Number of atoms in this group  =  2393
    ----- END OF GROUP READ -----

--------------------------------------------------------------------------------
   3.  ATOMIC COORDINATES AND VELOCITIES
--------------------------------------------------------------------------------

default_name                                                                    
 begin time read from input coords =     0.000 ps

 Number of triangulated 3-point waters found:    32792

     Sum of charges from parm topology file =  -0.00003630
     Forcing neutrality...

--------------------------------------------------------------------------------
   4.  RESULTS
--------------------------------------------------------------------------------

 ---------------------------------------------------
 APPROXIMATING switch and d/dx switch using CUBIC SPLINE INTERPOLATION
 using   5000.0 points per unit in tabled values
 TESTING RELATIVE ERROR over r ranging from 0.0 to cutoff
| CHECK switch(x): max rel err =   0.2738E-14   at   2.422500
| CHECK d/dx switch(x): max rel err =   0.8314E-11   at   2.736960
 ---------------------------------------------------
| Local SIZE OF NONBOND LIST =   26781062
| TOTAL SIZE OF NONBOND LIST =   26781062


   NSTEP       ENERGY          RMS            GMAX         NAME    NUMBER
      1       3.8874E+04     9.7100E+01     3.8821E+03     O       73771

 BOND    =   342373.6529  ANGLE   =      866.1667  DIHED      =     1816.2316
 VDWAALS =    44880.4385  EEL     =  -373139.6059  HBOND      =        0.0000
 1-4 VDW =     2194.5376  1-4 EEL =    19460.7603  RESTRAINT  =        0.0000
 CMAP    =      421.5932


   NSTEP       ENERGY          RMS            GMAX         NAME    NUMBER
     50      -3.8058E+05     8.4542E+00     7.9467E+02     CG       1807

 BOND    =    36066.5554  ANGLE   =      876.5600  DIHED      =     1850.8702
 VDWAALS =    36046.4435  EEL     =  -478684.8983  HBOND      =        0.0000
 1-4 VDW =     1830.5850  1-4 EEL =    19330.9362  RESTRAINT  =     1701.8461
 CMAP    =      406.0784
 EAMBER  =  -382276.8696


   NSTEP       ENERGY          RMS            GMAX         NAME    NUMBER
    100      -4.0416E+05     1.2874E+00     1.8934E+02     CG       1807

 BOND    =    28446.0733  ANGLE   =      878.0767  DIHED      =     1871.2036
 VDWAALS =    39858.3511  EEL     =  -498162.8561  HBOND      =        0.0000
 1-4 VDW =     1735.5144  1-4 EEL =    19255.4716  RESTRAINT  =     1557.5456
 CMAP    =      399.7717
 EAMBER  =  -405718.3936


   NSTEP       ENERGY          RMS            GMAX         NAME    NUMBER
    150      -4.1338E+05     3.6385E+00     1.4413E+03     CG       1807

 BOND    =    30065.3527  ANGLE   =      929.5811  DIHED      =     1881.2097
 VDWAALS =    43713.6928  EEL     =  -512928.0261  HBOND      =        0.0000
 1-4 VDW =     1696.6071  1-4 EEL =    19221.2173  RESTRAINT  =     1642.9267
 CMAP    =      395.3645
 EAMBER  =  -415025.0010


   NSTEP       ENERGY          RMS            GMAX         NAME    NUMBER
    200      -4.1986E+05     2.1597E+00     8.2554E+02     CG       1807

 BOND    =    30879.9464  ANGLE   =      916.4887  DIHED      =     1886.9832
 VDWAALS =    47180.0641  EEL     =  -523561.4649  HBOND      =        0.0000
 1-4 VDW =     1670.7152  1-4 EEL =    19198.5198  RESTRAINT  =     1580.5756
 CMAP    =      392.0075
 EAMBER  =  -421436.7399


   NSTEP       ENERGY          RMS            GMAX         NAME    NUMBER
    250      -4.2457E+05     9.1872E-01     1.4798E+02     CZ       1509

 BOND    =    31615.7161  ANGLE   =      919.8433  DIHED      =     1889.2626
 VDWAALS =    50292.2923  EEL     =  -532065.8585  HBOND      =        0.0000
 1-4 VDW =     1655.5130  1-4 EEL =    19180.6170  RESTRAINT  =     1557.9406
 CMAP    =      389.5805
 EAMBER  =  -426123.0337


   NSTEP       ENERGY          RMS            GMAX         NAME    NUMBER
    300      -4.2837E+05     1.7649E+00     5.5365E+02     CZ       1509

 BOND    =    32421.0975  ANGLE   =      955.6758  DIHED      =     1889.4114
 VDWAALS =    53286.1112  EEL     =  -539702.2320  HBOND      =        0.0000
 1-4 VDW =     1642.7224  1-4 EEL =    19165.7161  RESTRAINT  =     1583.8439
 CMAP    =      387.6938
 EAMBER  =  -429953.8039


   NSTEP       ENERGY          RMS            GMAX         NAME    NUMBER
    350      -4.3151E+05     5.7077E-01     4.9122E+01     CZ       1509

 BOND    =    32996.8239  ANGLE   =      929.7822  DIHED      =     1887.6034
 VDWAALS =    55845.6908  EEL     =  -545900.2480  HBOND      =        0.0000
 1-4 VDW =     1634.7391  1-4 EEL =    19155.7593  RESTRAINT  =     1551.7393
 CMAP    =      386.0767
 EAMBER  =  -433063.7725


   NSTEP       ENERGY          RMS            GMAX         NAME    NUMBER
    400      -4.3410E+05     1.4658E+00     4.5775E+02     CZ       1509

 BOND    =    33608.4182  ANGLE   =      939.9316  DIHED      =     1884.6582
 VDWAALS =    58227.3285  EEL     =  -551481.2437  HBOND      =        0.0000
 1-4 VDW =     1628.3010  1-4 EEL =    19147.1999  RESTRAINT  =     1562.3973
 CMAP    =      384.5892
 EAMBER  =  -435660.8172


   NSTEP       ENERGY          RMS            GMAX         NAME    NUMBER
    450      -4.3624E+05     2.1826E+00     7.0469E+02     CZ       1509

 BOND    =    34162.2951  ANGLE   =      953.3416  DIHED      =     1881.5866
 VDWAALS =    60320.8347  EEL     =  -556288.4219  HBOND      =        0.0000
 1-4 VDW =     1623.3583  1-4 EEL =    19139.8738  RESTRAINT  =     1581.1563
 CMAP    =      383.1300
 EAMBER  =  -437824.0019


   NSTEP       ENERGY          RMS            GMAX         NAME    NUMBER
    500      -4.3831E+05     1.2433E+00     3.7469E+02     CZ       1509

 BOND    =    34531.5689  ANGLE   =      957.0092  DIHED      =     1879.1759
 VDWAALS =    62193.0929  EEL     =  -560573.4723  HBOND      =        0.0000
 1-4 VDW =     1617.8620  1-4 EEL =    19131.8617  RESTRAINT  =     1568.6801
 CMAP    =      381.7387
 EAMBER  =  -439881.1631


   NSTEP       ENERGY          RMS            GMAX         NAME    NUMBER
    550      -4.4988E+05     1.5594E+00     1.6275E+02     NH2      1513

 BOND    =    38021.0868  ANGLE   =     1089.2671  DIHED      =     1880.7723
 VDWAALS =    77133.8361  EEL     =  -590638.8290  HBOND      =        0.0000
 1-4 VDW =     1608.3543  1-4 EEL =    19081.9449  RESTRAINT  =     1576.0272
 CMAP    =      366.8549
 EAMBER  =  -451456.7126


   NSTEP       ENERGY          RMS            GMAX         NAME    NUMBER
    600      -4.5289E+05     1.1365E+00     1.5103E+02     NH1      1510

 BOND    =    38171.7752  ANGLE   =     1009.8230  DIHED      =     1874.8078
 VDWAALS =    78453.7623  EEL     =  -595007.5511  HBOND      =        0.0000
 1-4 VDW =     1599.9178  1-4 EEL =    19086.3499  RESTRAINT  =     1562.1172
 CMAP    =      362.5934
 EAMBER  =  -454448.5216


   NSTEP       ENERGY          RMS            GMAX         NAME    NUMBER
    650      -4.5530E+05     1.0759E+00     1.4433E+02     CG       1807

 BOND    =    38635.5394  ANGLE   =     1019.2515  DIHED      =     1875.6304
 VDWAALS =    80257.5162  EEL     =  -599690.5361  HBOND      =        0.0000
 1-4 VDW =     1598.4375  1-4 EEL =    19083.0416  RESTRAINT  =     1562.3913
 CMAP    =      359.9196
 EAMBER  =  -456861.1999


   NSTEP       ENERGY          RMS            GMAX         NAME    NUMBER
    700      -4.5840E+05     9.0326E-01     1.0734E+02     CB       1804

 BOND    =    39175.1326  ANGLE   =      998.3388  DIHED      =     1873.9868
 VDWAALS =    82988.7651  EEL     =  -606032.7706  HBOND      =        0.0000
 1-4 VDW =     1593.6203  1-4 EEL =    19082.6912  RESTRAINT  =     1560.6407
 CMAP    =      356.0827
 EAMBER  =  -459964.1531


   NSTEP       ENERGY          RMS            GMAX         NAME    NUMBER
    750      -4.6039E+05     9.0904E-01     1.1611E+02     CD       1528

 BOND    =    39704.7734  ANGLE   =      996.5493  DIHED      =     1872.5289
 VDWAALS =    84747.3738  EEL     =  -610292.6512  HBOND      =        0.0000
 1-4 VDW =     1592.8225  1-4 EEL =    19079.0792  RESTRAINT  =     1559.8581
 CMAP    =      353.7546
 EAMBER  =  -461945.7695


   NSTEP       ENERGY          RMS            GMAX         NAME    NUMBER
    800      -4.6163E+05     8.2258E-01     9.8812E+01     CD       1528

 BOND    =    39956.2814  ANGLE   =      986.4891  DIHED      =     1870.6717
 VDWAALS =    85898.7595  EEL     =  -612919.1657  HBOND      =        0.0000
 1-4 VDW =     1590.2742  1-4 EEL =    19079.4995  RESTRAINT  =     1559.6534
 CMAP    =      352.1548
 EAMBER  =  -463185.0355


   NSTEP       ENERGY          RMS            GMAX         NAME    NUMBER
    850      -4.6263E+05     7.7812E-01     8.7682E+01     CB       1804

 BOND    =    40185.4165  ANGLE   =      983.8258  DIHED      =     1870.4200
 VDWAALS =    86849.1534  EEL     =  -615096.1440  HBOND      =        0.0000
 1-4 VDW =     1589.1231  1-4 EEL =    19078.6032  RESTRAINT  =     1559.2654
 CMAP    =      350.7734
 EAMBER  =  -464188.8286


   NSTEP       ENERGY          RMS            GMAX         NAME    NUMBER
    900      -4.6351E+05     7.4076E-01     8.7836E+01     CD       1375

 BOND    =    40399.0833  ANGLE   =      980.5789  DIHED      =     1869.9643
 VDWAALS =    87695.6752  EEL     =  -617029.5261  HBOND      =        0.0000
 1-4 VDW =     1588.1253  1-4 EEL =    19077.9115  RESTRAINT  =     1558.6643
 CMAP    =      349.4758
 EAMBER  =  -465068.7119


   NSTEP       ENERGY          RMS            GMAX         NAME    NUMBER
    950      -4.6431E+05     7.0520E-01     9.2895E+01     CD       1375

 BOND    =    40608.7803  ANGLE   =      977.9267  DIHED      =     1869.5154
 VDWAALS =    88471.3627  EEL     =  -618810.3231  HBOND      =        0.0000
 1-4 VDW =     1587.3096  1-4 EEL =    19077.2621  RESTRAINT  =     1558.0380
 CMAP    =      348.3170
 EAMBER  =  -465869.8492


   NSTEP       ENERGY          RMS            GMAX         NAME    NUMBER
   1000      -4.6505E+05     6.7211E-01     9.8643E+01     CD       1375

 BOND    =    40813.3035  ANGLE   =      975.6460  DIHED      =     1869.4803
 VDWAALS =    89212.7224  EEL     =  -620489.8308  HBOND      =        0.0000
 1-4 VDW =     1586.5007  1-4 EEL =    19076.6361  RESTRAINT  =     1557.4172
 CMAP    =      347.2110
 EAMBER  =  -466608.3308


  Maximum number of minimization cycles reached.


                    FINAL RESULTS



   NSTEP       ENERGY          RMS            GMAX         NAME    NUMBER
   1000      -4.6505E+05     6.7211E-01     9.8643E+01     CD       1375

 BOND    =    40813.3035  ANGLE   =      975.6460  DIHED      =     1869.4803
 VDWAALS =    89212.7224  EEL     =  -620489.8308  HBOND      =        0.0000
 1-4 VDW =     1586.5007  1-4 EEL =    19076.6361  RESTRAINT  =     1557.4172
 CMAP    =      347.2110
 EAMBER  =  -466608.3308

--------------------------------------------------------------------------------
   5.  TIMINGS
--------------------------------------------------------------------------------

|    Read coords time           0.18 ( 0.01% of Total)
|                Build the list            10.79 (93.31% of List )
|                Other                      0.77 ( 6.69% of List )
|             List time                 11.56 ( 0.77% of Nonbo)
|                   Short_ene time          1094.44 (99.19% of Direc)
|                   Other                      8.92 ( 0.81% of Direc)
|                Direct Ewald time       1103.35 (74.27% of Ewald)
|                Adjust Ewald time          7.36 ( 0.50% of Ewald)
|                   Fill Bspline coeffs       15.95 ( 4.27% of Recip)
|                   Fill charge grid          48.61 (13.03% of Recip)
|                   Scalar sum               127.03 (34.04% of Recip)
|                   Grad sum                  50.67 (13.58% of Recip)
|                   FFT time                 130.93 (35.08% of Recip)
|                Recip Ewald time         373.20 (25.12% of Ewald)
|                Virial junk                0.72 ( 0.05% of Ewald)
|                Other                      0.98 ( 0.07% of Ewald)
|             Ewald time              1485.62 (99.23% of Nonbo)
|          Nonbond force           1497.18 (98.89% of Force)
|          Bond/Angle/Dihedral       16.37 ( 1.08% of Force)
|          Other                      0.39 ( 0.03% of Force)
|       Force time              1513.94 (100.0% of Runmd)
|    Runmd Time              1513.94 (95.55% of Total)
|    Other                     70.35 ( 4.44% of Total)
| Total time              1584.46 (100.0% of ALL  )

| Number of list builds   :          7

| Highest rstack allocated:    6453526
| Highest istack allocated:     105072
|           Job began  at 17:13:16.094  on 11/29/2022
|           Setup done at 17:13:18.893  on 11/29/2022
|           Run   done at 17:39:40.559  on 11/29/2022
|     wallclock() was called   38062 times

|3D-RISM memory allocation summary
|Type          Maximum        Current   
|Integer       0.00000 GB     0.00000 GB
|Real          0.00000 GB     0.00000 GB
|Logical       0.00000 GB     0.00000 GB
|Character     0.00000 GB     0.00000 GB
|---------------------------------------
|Total         0.00000 GB     0.00000 GB
